<?xml version="1.0" encoding="UTF-8"?>
<!-- Generated by org.testng.reporters.JUnitReportReporter -->
<testsuite hostname="DESKTOP-9T6KQTB" failures="0" tests="1" name="com.excel.java.launchChrome" time="24.151" errors="0" timestamp="2022-12-25T06:48:13 GMT-08:00" skipped="0">
  <testcase classname="com.excel.java.launchChrome" name="launchPage" time="24.151"/>
  <system-out/>
</testsuite> <!-- com.excel.java.launchChrome -->
