<?xml version="1.0" encoding="UTF-8"?>
<!-- Generated by org.testng.reporters.JUnitReportReporter -->
<testsuite hostname="DESKTOP-9T6KQTB" failures="0" tests="2" name="testngDemo.testSuit1" time="25.959" errors="0" timestamp="2023-02-02T22:39:35 IST" skipped="0">
  <testcase classname="testngDemo.testSuit1" name="drop" time="11.415"/>
  <system-out/>
  <testcase classname="testngDemo.testSuit1" name="dropDown" time="14.544"/>
  <system-out/>
</testsuite> <!-- testngDemo.testSuit1 -->
