<?xml version="1.0" encoding="UTF-8"?>
<!-- Generated by org.testng.reporters.JUnitReportReporter -->
<testsuite hostname="DESKTOP-9T6KQTB" failures="0" tests="2" name="dataProvide.launchChrome" time="31.662" errors="0" timestamp="2022-12-24T22:09:42 GMT-08:00" skipped="0">
  <testcase classname="dataProvide.launchChrome" name="launchPage" time="17.084"/>
  <system-out/>
  <testcase classname="dataProvide.launchChrome" name="launchPage" time="14.578"/>
  <system-out/>
</testsuite> <!-- dataProvide.launchChrome -->
